[2026-04-22 14:16:16] === 开始今日代码优化任务 ===
[2026-04-22 14:16:16] 检查Git状态...
[2026-04-22 14:16:16] 发现未提交的更改，先提交...
[2026-04-22 14:16:16] 当前分支: develop
[2026-04-22 14:16:16] 运行Python代码分析...
[2026-04-22 14:16:16] 开始Python代码分析
[2026-04-22 14:16:16] 找到 7 个Python文件
[2026-04-22 14:16:16] 分析完成: 7 个文件, 2440 行代码, 171 个问题
[2026-04-22 14:16:16] 分析结果保存到: /home/cmx/.openclaw/workspace/tmp/python-analysis-20260422-141616.json
[2026-04-22 14:16:16] 
优化建议:
[2026-04-22 14:16:16] 1. [code_quality] 修复 171 个代码质量问题 (优先级: medium)
[2026-04-22 14:16:16] 2. [documentation] 添加缺失的文档字符串 (优先级: low)
[2026-04-22 14:16:16] 分析结果: /home/cmx/.openclaw/workspace/tmp/python-analysis-20260422-141616.json
[2026-04-22 14:16:16] 分析完成: 7 个文件, 2440 行代码, 171 个问题
[2026-04-22 14:16:16] 分支已存在: feature/optimize-20260422-python，删除后重新创建
[2026-04-22 14:16:16] 创建feature分支: feature/optimize-20260422-python
[2026-04-22 14:16:16] 实施代码优化...
[2026-04-22 14:16:16] 发现TODO注释，进行修复...
[2026-04-22 14:16:16] 修复文件: ./scripts/python-optimizer.py
[2026-04-22 14:16:16] 没有需要提交的更改
[2026-04-22 14:16:16] 已切换回develop分支
[2026-04-22 14:16:17] 报告已生成: /home/cmx/.openclaw/workspace/reports/daily-optimization-20260422.md
[2026-04-22 14:16:17] === 今日代码优化任务完成 ===
[2026-04-22 14:16:17] 详细日志: /home/cmx/.openclaw/workspace/logs/optimization-20260422-141616.log
