[2026-04-22 14:22:35] === 开始增强版代码优化任务 ===
[2026-04-22 14:22:35] 检查Git状态...
[2026-04-22 14:22:36] 发现未提交的更改，先提交...
[2026-04-22 14:22:36] 当前分支: develop
[2026-04-22 14:22:36] 运行Python代码分析...
[2026-04-22 14:22:36] 开始Python代码分析
[2026-04-22 14:22:36] 找到 7 个Python文件
[2026-04-22 14:22:36] 分析完成: 7 个文件, 2440 行代码, 171 个问题
[2026-04-22 14:22:36] 分析结果保存到: /home/cmx/.openclaw/workspace/tmp/python-analysis-20260422-142236.json
[2026-04-22 14:22:36] 
优化建议:
[2026-04-22 14:22:36] 1. [code_quality] 修复 171 个代码质量问题 (优先级: medium)
[2026-04-22 14:22:36] 2. [documentation] 添加缺失的文档字符串 (优先级: low)
[2026-04-22 14:22:36] 分析结果: /home/cmx/.openclaw/workspace/tmp/python-analysis-20260422-142236.json
[2026-04-22 14:22:36] 分析完成: 7 个文件, 2440 行代码, 171 个问题
[2026-04-22 14:22:36] 创建feature分支: feature/optimize-20260422-enhanced
[2026-04-22 14:22:36] 实施实际代码优化...
[2026-04-22 14:22:36] 优化1: 修复Python文件中的TODO注释...
[2026-04-22 14:22:36] 修复文件: ./scripts/python-optimizer.py
[2026-04-22 14:22:36] ⚠️ 文件未更改: ./scripts/python-optimizer.py
[2026-04-22 14:22:36] 优化2: 添加文件头注释...
[2026-04-22 14:22:36] 为文件添加头注释: ./WinuxCmd/scripts/update_commant.py
[2026-04-22 14:22:36] ✅ 添加头注释: ./WinuxCmd/scripts/update_commant.py
[2026-04-22 14:22:36] 为文件添加头注释: ./WinuxCmd/scripts/format.py
[2026-04-22 14:22:36] ✅ 添加头注释: ./WinuxCmd/scripts/format.py
[2026-04-22 14:22:36] 为文件添加头注释: ./WinuxCmd/scripts/__init__.py
[2026-04-22 14:22:36] ✅ 添加头注释: ./WinuxCmd/scripts/__init__.py
[2026-04-22 14:22:36] 发现 3 个文件有实际更改，提交优化...
