[2026-04-22 14:24:12] === 开始创建优化PR ===
[2026-04-22 14:24:12] 当前分支: develop
[2026-04-22 14:24:12] 创建PR分支: pr/optimize-20260422-142412
[2026-04-22 14:24:12] 实施具体优化...
[2026-04-22 14:24:12] 为 notification-server.py 添加头注释
[2026-04-22 14:24:12] 修复 python-optimizer.py 中的TODO注释
[2026-04-22 14:24:12] 修复 python-optimizer.py 中的FIXME注释
[2026-04-22 14:24:12] 为 python-optimizer.py 添加头注释
[2026-04-22 14:24:12] 修复 code-optimizer-enhanced.sh 中的TODO注释
[2026-04-22 14:24:12] 修复 code-optimizer-enhanced.sh 中的FIXME注释
[2026-04-22 14:24:12] 修复 code-optimizer.sh 中的TODO注释
[2026-04-22 14:24:12] 修复 code-optimizer.sh 中的FIXME注释
[2026-04-22 14:24:12] 修复 code-optimizer-simple.sh 中的TODO注释
[2026-04-22 14:24:12] 修复 create-pr.sh 中的TODO注释
[2026-04-22 14:24:12] 修复 create-pr.sh 中的FIXME注释
[2026-04-22 14:24:12] 优化了 6 个文件: notification-server.py python-optimizer.py code-optimizer-enhanced.sh code-optimizer.sh code-optimizer-simple.sh create-pr.sh
[2026-04-22 14:24:12] ✅ 更改已提交
[2026-04-22 14:24:12] PR信息已保存: /home/cmx/.openclaw/workspace/notifications/pr-pr/optimize-20260422-142412.md
[2026-04-22 14:24:12] 已切换回develop分支
[2026-04-22 14:24:12] === PR创建完成 ===
