[2026-04-22 13:31:21] 开始Python代码分析
[2026-04-22 13:31:21] 找到 6 个Python文件
[2026-04-22 13:31:21] 分析完成: 6 个文件, 2128 行代码, 154 个问题
[2026-04-22 13:31:21] 分析结果保存到: /home/cmx/.openclaw/workspace/tmp/python-analysis-20260422-133121.json
[2026-04-22 13:31:21] 
优化建议:
[2026-04-22 13:31:21] 1. [code_quality] 修复 154 个代码质量问题 (优先级: medium)
[2026-04-22 13:31:21] 2. [documentation] 添加缺失的文档字符串 (优先级: low)
[2026-04-22 13:44:12] 开始Python代码分析
[2026-04-22 13:44:12] 找到 6 个Python文件
[2026-04-22 13:44:12] 分析完成: 6 个文件, 2128 行代码, 154 个问题
[2026-04-22 13:44:12] 分析结果保存到: /home/cmx/.openclaw/workspace/tmp/python-analysis-20260422-134412.json
[2026-04-22 13:44:12] 
优化建议:
[2026-04-22 13:44:12] 1. [code_quality] 修复 154 个代码质量问题 (优先级: medium)
[2026-04-22 13:44:12] 2. [documentation] 添加缺失的文档字符串 (优先级: low)
[2026-04-22 13:46:53] 开始Python代码分析
[2026-04-22 13:46:53] 找到 6 个Python文件
[2026-04-22 13:46:53] 分析完成: 6 个文件, 2128 行代码, 154 个问题
[2026-04-22 13:46:53] 分析结果保存到: /home/cmx/.openclaw/workspace/tmp/python-analysis-20260422-134653.json
[2026-04-22 13:46:53] 
优化建议:
[2026-04-22 13:46:53] 1. [code_quality] 修复 154 个代码质量问题 (优先级: medium)
[2026-04-22 13:46:53] 2. [documentation] 添加缺失的文档字符串 (优先级: low)
[2026-04-22 13:47:10] 开始Python代码分析
[2026-04-22 13:47:10] 找到 6 个Python文件
[2026-04-22 13:47:10] 分析完成: 6 个文件, 2128 行代码, 154 个问题
[2026-04-22 13:47:10] 分析结果保存到: /home/cmx/.openclaw/workspace/tmp/python-analysis-20260422-134710.json
[2026-04-22 13:47:10] 
优化建议:
[2026-04-22 13:47:10] 1. [code_quality] 修复 154 个代码质量问题 (优先级: medium)
[2026-04-22 13:47:10] 2. [documentation] 添加缺失的文档字符串 (优先级: low)
[2026-04-22 14:16:16] 开始Python代码分析
[2026-04-22 14:16:16] 找到 7 个Python文件
[2026-04-22 14:16:16] 分析完成: 7 个文件, 2440 行代码, 171 个问题
[2026-04-22 14:16:16] 分析结果保存到: /home/cmx/.openclaw/workspace/tmp/python-analysis-20260422-141616.json
[2026-04-22 14:16:16] 
优化建议:
[2026-04-22 14:16:16] 1. [code_quality] 修复 171 个代码质量问题 (优先级: medium)
[2026-04-22 14:16:16] 2. [documentation] 添加缺失的文档字符串 (优先级: low)
[2026-04-22 14:22:36] 开始Python代码分析
[2026-04-22 14:22:36] 找到 7 个Python文件
[2026-04-22 14:22:36] 分析完成: 7 个文件, 2440 行代码, 171 个问题
[2026-04-22 14:22:36] 分析结果保存到: /home/cmx/.openclaw/workspace/tmp/python-analysis-20260422-142236.json
[2026-04-22 14:22:36] 
优化建议:
[2026-04-22 14:22:36] 1. [code_quality] 修复 171 个代码质量问题 (优先级: medium)
[2026-04-22 14:22:36] 2. [documentation] 添加缺失的文档字符串 (优先级: low)
