[2026-04-22 13:46:52] 🚀 开始每日代码优化工作流
[2026-04-22 13:46:52] 工作流ID: 20260422-134652
[2026-04-22 13:46:52] 工作目录: /home/cmx/.openclaw/workspace
[2026-04-22 13:46:52] 步骤1: 执行代码优化
[2026-04-22 13:46:52] 工作流状态更新: optimizing
[2026-04-22 13:46:52] === 开始今日代码优化任务 ===
[2026-04-22 13:46:52] 检查Git状态...
[2026-04-22 13:46:52] 发现未提交的更改，先提交...
[develop 9c37471] chore: 自动提交工作区更改 20260422-134652
 4 files changed, 441 insertions(+)
 create mode 100644 notifications/latest-optimization-notification.txt
 create mode 100644 reports/daily-optimization-20260422.md
 create mode 100755 scripts/daily-optimization-workflow.sh
 create mode 100755 scripts/send-notification.sh
Already on 'develop'
[2026-04-22 13:46:52] 当前分支: develop
[2026-04-22 13:46:52] 运行Python代码分析...
[2026-04-22 13:46:53] 开始Python代码分析
[2026-04-22 13:46:53] 找到 6 个Python文件
[2026-04-22 13:46:53] 分析完成: 6 个文件, 2128 行代码, 154 个问题
[2026-04-22 13:46:53] 分析结果保存到: /home/cmx/.openclaw/workspace/tmp/python-analysis-20260422-134653.json
[2026-04-22 13:46:53] 
优化建议:
[2026-04-22 13:46:53] 1. [code_quality] 修复 154 个代码质量问题 (优先级: medium)
[2026-04-22 13:46:53] 2. [documentation] 添加缺失的文档字符串 (优先级: low)
[2026-04-22 13:46:53] 分析结果: /home/cmx/.openclaw/workspace/tmp/python-analysis-20260422-134653.json
[2026-04-22 13:46:53] 分析完成: 6 个文件, 2128 行代码, 154 个问题
[2026-04-22 13:46:53] 创建feature分支: feature/optimize-20260422-python
fatal: a branch named 'feature/optimize-20260422-python' already exists
[2026-04-22 13:46:53] ❌ 步骤 'optimization' 失败: 优化脚本返回错误代码: 128
[2026-04-22 13:46:53] 工作流状态更新: failed
[2026-04-22 13:46:53] 错误通知已保存: /home/cmx/.openclaw/workspace/notifications/error-20260422-134652.txt
